<?xml version="1.0" encoding="UTF-8"?>
<!-- Generated by org.testng.reporters.JUnitXMLReporter -->
<testsuite ignored="0" hostname="RESHMA" failures="0" tests="7" name="mytest" time="15.153" errors="0" timestamp="2024-02-17T11:18:31 IST">
  <testcase classname="Day24_TestNG.First_Testcase" name="openapp" time="0.007"/>
  <testcase classname="Day24_TestNG.First_Testcase" name="login" time="0.003"/>
  <testcase classname="Day24_TestNG.First_Testcase" name="logout" time="0.002"/>
  <testcase classname="Day24_TestNG.OrangeHrmlogin" name="openapp" time="14.448"/>
  <testcase classname="Day24_TestNG.OrangeHrmlogin" name="validation" time="0.084"/>
  <testcase classname="Day24_TestNG.OrangeHrmlogin" name="login" time="0.393"/>
  <testcase classname="Day24_TestNG.OrangeHrmlogin" name="logout" time="0.16"/>
</testsuite> <!-- mytest -->
