<?xml version="1.0" encoding="UTF-8"?>
<!-- Generated by org.testng.reporters.JUnitXMLReporter -->
<testsuite ignored="0" hostname="RESHMA" failures="0" tests="4" name="Test" time="14.968" errors="0" timestamp="2024-03-05T17:31:39 IST">
  <testcase classname="Day24_TestNG.OrangeHrmlogin" name="openapp" time="14.125"/>
  <testcase classname="Day24_TestNG.OrangeHrmlogin" name="validation" time="0.107"/>
  <testcase classname="Day24_TestNG.OrangeHrmlogin" name="login" time="0.439"/>
  <testcase classname="Day24_TestNG.OrangeHrmlogin" name="logout" time="0.23"/>
</testsuite> <!-- Test -->
