<?xml version="1.0" encoding="UTF-8"?>
<!-- Generated by org.testng.reporters.JUnitXMLReporter -->
<testsuite ignored="0" hostname="RESHMA" failures="0" tests="9" name="Test1" time="18.712" errors="0" timestamp="2024-03-02T10:41:22 IST">
  <testcase classname="OwnPractice.OrangeHrmLogin" name="openuRL" time="17.145"/>
  <testcase classname="OwnPractice.OrangeHrmLogin" name="validation" time="1.051"/>
  <testcase classname="OwnPractice.OrangeHrmLogin" name="Login" time="0.375"/>
  <testcase classname="OwnPractice.OrangeHrmLogin" name="Logout" time="0.117"/>
  <testcase classname="OwnPractice.FirsttestCase" name="Login" time="0.004"/>
  <testcase classname="OwnPractice.FirsttestCase" name="Logout" time="0.002"/>
  <testcase classname="OwnPractice.FirsttestCase" name="Click" time="0.003"/>
  <testcase classname="OwnPractice.Annotations_Beforeclass" name="Logout" time="0.0"/>
  <testcase classname="OwnPractice.Annotations_Beforeclass" name="log" time="0.002"/>
</testsuite> <!-- Test1 -->
